EDA Netlist Writer report for Maquina_de_estado_secuencia_de_luces
Wed Oct 29 20:16:06 2025
Quartus II 64-Bit Version 13.0.1 Build 232 06/12/2013 Service Pack 1 SJ Web Edition


---------------------
; Table of Contents ;
---------------------
  1. Legal Notice
  2. EDA Netlist Writer Summary
  3. Simulation Settings
  4. Simulation Generated Files
  5. EDA Netlist Writer Messages



----------------
; Legal Notice ;
----------------
Copyright (C) 1991-2013 Altera Corporation
Your use of Altera Corporation's design tools, logic functions 
and other software and tools, and its AMPP partner logic 
functions, and any output files from any of the foregoing 
(including device programming or simulation files), and any 
associated documentation or information are expressly subject 
to the terms and conditions of the Altera Program License 
Subscription Agreement, Altera MegaCore Function License 
Agreement, or other applicable license agreement, including, 
without limitation, that your use is for the sole purpose of 
programming logic devices manufactured by Altera and sold by 
Altera or its authorized distributors.  Please refer to the 
applicable agreement for further details.



+-------------------------------------------------------------------+
; EDA Netlist Writer Summary                                        ;
+---------------------------+---------------------------------------+
; EDA Netlist Writer Status ; Successful - Wed Oct 29 20:16:06 2025 ;
; Revision Name             ; Maquina_de_estado_secuencia_de_luces  ;
; Top-level Entity Name     ; Maquina_de_estado_2                   ;
; Family                    ; Cyclone III                           ;
; Simulation Files Creation ; Successful                            ;
+---------------------------+---------------------------------------+


+----------------------------------------------------------------------------------------------------------------------------+
; Simulation Settings                                                                                                        ;
+---------------------------------------------------------------------------------------------------+------------------------+
; Option                                                                                            ; Setting                ;
+---------------------------------------------------------------------------------------------------+------------------------+
; Tool Name                                                                                         ; ModelSim-Altera (VHDL) ;
; Generate netlist for functional simulation only                                                   ; Off                    ;
; Time scale                                                                                        ; 1 ps                   ;
; Truncate long hierarchy paths                                                                     ; Off                    ;
; Map illegal HDL characters                                                                        ; Off                    ;
; Flatten buses into individual nodes                                                               ; Off                    ;
; Maintain hierarchy                                                                                ; Off                    ;
; Bring out device-wide set/reset signals as ports                                                  ; Off                    ;
; Enable glitch filtering                                                                           ; Off                    ;
; Do not write top level VHDL entity                                                                ; Off                    ;
; Disable detection of setup and hold time violations in the input registers of bi-directional pins ; Off                    ;
; Architecture name in VHDL output netlist                                                          ; structure              ;
; Generate third-party EDA tool command script for RTL functional simulation                        ; Off                    ;
; Generate third-party EDA tool command script for gate-level simulation                            ; Off                    ;
+---------------------------------------------------------------------------------------------------+------------------------+


+-------------------------------------------------------------------------------------------------------------------------------+
; Simulation Generated Files                                                                                                    ;
+-------------------------------------------------------------------------------------------------------------------------------+
; Generated Files                                                                                                               ;
+-------------------------------------------------------------------------------------------------------------------------------+
; C:/Users/toni/Desktop/Proyectos/Carpeta_E/simulation/modelsim/Maquina_de_estado_secuencia_de_luces_7_1200mv_85c_slow.vho      ;
; C:/Users/toni/Desktop/Proyectos/Carpeta_E/simulation/modelsim/Maquina_de_estado_secuencia_de_luces_7_1200mv_0c_slow.vho       ;
; C:/Users/toni/Desktop/Proyectos/Carpeta_E/simulation/modelsim/Maquina_de_estado_secuencia_de_luces_min_1200mv_0c_fast.vho     ;
; C:/Users/toni/Desktop/Proyectos/Carpeta_E/simulation/modelsim/Maquina_de_estado_secuencia_de_luces.vho                        ;
; C:/Users/toni/Desktop/Proyectos/Carpeta_E/simulation/modelsim/Maquina_de_estado_secuencia_de_luces_7_1200mv_85c_vhd_slow.sdo  ;
; C:/Users/toni/Desktop/Proyectos/Carpeta_E/simulation/modelsim/Maquina_de_estado_secuencia_de_luces_7_1200mv_0c_vhd_slow.sdo   ;
; C:/Users/toni/Desktop/Proyectos/Carpeta_E/simulation/modelsim/Maquina_de_estado_secuencia_de_luces_min_1200mv_0c_vhd_fast.sdo ;
; C:/Users/toni/Desktop/Proyectos/Carpeta_E/simulation/modelsim/Maquina_de_estado_secuencia_de_luces_vhd.sdo                    ;
+-------------------------------------------------------------------------------------------------------------------------------+


+-----------------------------+
; EDA Netlist Writer Messages ;
+-----------------------------+
Info: *******************************************************************
Info: Running Quartus II 64-Bit EDA Netlist Writer
    Info: Version 13.0.1 Build 232 06/12/2013 Service Pack 1 SJ Web Edition
    Info: Processing started: Wed Oct 29 20:16:06 2025
Info: Command: quartus_eda --read_settings_files=off --write_settings_files=off Maquina_de_estado_secuencia_de_luces -c Maquina_de_estado_secuencia_de_luces
Info (204019): Generated file Maquina_de_estado_secuencia_de_luces_7_1200mv_85c_slow.vho in folder "C:/Users/toni/Desktop/Proyectos/Carpeta_E/simulation/modelsim/" for EDA simulation tool
Info (204019): Generated file Maquina_de_estado_secuencia_de_luces_7_1200mv_0c_slow.vho in folder "C:/Users/toni/Desktop/Proyectos/Carpeta_E/simulation/modelsim/" for EDA simulation tool
Info (204019): Generated file Maquina_de_estado_secuencia_de_luces_min_1200mv_0c_fast.vho in folder "C:/Users/toni/Desktop/Proyectos/Carpeta_E/simulation/modelsim/" for EDA simulation tool
Info (204019): Generated file Maquina_de_estado_secuencia_de_luces.vho in folder "C:/Users/toni/Desktop/Proyectos/Carpeta_E/simulation/modelsim/" for EDA simulation tool
Info (204019): Generated file Maquina_de_estado_secuencia_de_luces_7_1200mv_85c_vhd_slow.sdo in folder "C:/Users/toni/Desktop/Proyectos/Carpeta_E/simulation/modelsim/" for EDA simulation tool
Info (204019): Generated file Maquina_de_estado_secuencia_de_luces_7_1200mv_0c_vhd_slow.sdo in folder "C:/Users/toni/Desktop/Proyectos/Carpeta_E/simulation/modelsim/" for EDA simulation tool
Info (204019): Generated file Maquina_de_estado_secuencia_de_luces_min_1200mv_0c_vhd_fast.sdo in folder "C:/Users/toni/Desktop/Proyectos/Carpeta_E/simulation/modelsim/" for EDA simulation tool
Info (204019): Generated file Maquina_de_estado_secuencia_de_luces_vhd.sdo in folder "C:/Users/toni/Desktop/Proyectos/Carpeta_E/simulation/modelsim/" for EDA simulation tool
Info: Quartus II 64-Bit EDA Netlist Writer was successful. 0 errors, 0 warnings
    Info: Peak virtual memory: 4526 megabytes
    Info: Processing ended: Wed Oct 29 20:16:06 2025
    Info: Elapsed time: 00:00:00
    Info: Total CPU time (on all processors): 00:00:00


