Flow report for Multiplicador_con_signo
Fri Oct 31 18:52:12 2025
Quartus II 64-Bit Version 13.0.1 Build 232 06/12/2013 Service Pack 1 SJ Web Edition


---------------------
; Table of Contents ;
---------------------
  1. Legal Notice
  2. Flow Summary
  3. Flow Settings
  4. Flow Non-Default Global Settings
  5. Flow Elapsed Time
  6. Flow OS Summary
  7. Flow Log
  8. Flow Messages
  9. Flow Suppressed Messages



----------------
; Legal Notice ;
----------------
Copyright (C) 1991-2013 Altera Corporation
Your use of Altera Corporation's design tools, logic functions 
and other software and tools, and its AMPP partner logic 
functions, and any output files from any of the foregoing 
(including device programming or simulation files), and any 
associated documentation or information are expressly subject 
to the terms and conditions of the Altera Program License 
Subscription Agreement, Altera MegaCore Function License 
Agreement, or other applicable license agreement, including, 
without limitation, that your use is for the sole purpose of 
programming logic devices manufactured by Altera and sold by 
Altera or its authorized distributors.  Please refer to the 
applicable agreement for further details.



+--------------------------------------------------------------------------------------+
; Flow Summary                                                                         ;
+------------------------------------+-------------------------------------------------+
; Flow Status                        ; Successful - Fri Oct 31 18:52:12 2025           ;
; Quartus II 64-Bit Version          ; 13.0.1 Build 232 06/12/2013 SP 1 SJ Web Edition ;
; Revision Name                      ; Multiplicador_con_signo                         ;
; Top-level Entity Name              ; Multiplicador_con_signo                         ;
; Family                             ; Cyclone III                                     ;
; Device                             ; EP3C120F780C7                                   ;
; Timing Models                      ; Final                                           ;
; Total logic elements               ; 9 / 119,088 ( < 1 % )                           ;
;     Total combinational functions  ; 5 / 119,088 ( < 1 % )                           ;
;     Dedicated logic registers      ; 8 / 119,088 ( < 1 % )                           ;
; Total registers                    ; 8                                               ;
; Total pins                         ; 10 / 532 ( 2 % )                                ;
; Total virtual pins                 ; 0                                               ;
; Total memory bits                  ; 0 / 3,981,312 ( 0 % )                           ;
; Embedded Multiplier 9-bit elements ; 0 / 576 ( 0 % )                                 ;
; Total PLLs                         ; 0 / 4 ( 0 % )                                   ;
+------------------------------------+-------------------------------------------------+


+---------------------------------------------+
; Flow Settings                               ;
+-------------------+-------------------------+
; Option            ; Setting                 ;
+-------------------+-------------------------+
; Start date & time ; 10/31/2025 18:51:50     ;
; Main task         ; Compilation             ;
; Revision Name     ; Multiplicador_con_signo ;
+-------------------+-------------------------+


+------------------------------------------------------------------------------------------------------------------------------------------------------+
; Flow Non-Default Global Settings                                                                                                                     ;
+--------------------------------------+-----------------------------------------------------------+---------------+-------------+---------------------+
; Assignment Name                      ; Value                                                     ; Default Value ; Entity Name ; Section Id          ;
+--------------------------------------+-----------------------------------------------------------+---------------+-------------+---------------------+
; COMPILER_SIGNATURE_ID                ; 8796756937765.176194751005312                             ; --            ; --          ; --                  ;
; EDA_DESIGN_INSTANCE_NAME             ; uut                                                       ; --            ; --          ; Multiplicador_bench ;
; EDA_GENERATE_FUNCTIONAL_NETLIST      ; On                                                        ; --            ; --          ; eda_simulation      ;
; EDA_NATIVELINK_SIMULATION_TEST_BENCH ; Multiplicador_bench                                       ; --            ; --          ; eda_simulation      ;
; EDA_NETLIST_WRITER_OUTPUT_DIR        ; C:\Users\toni\Desktop\Proyectos\Carpeta_C\simulation\qsim ; --            ; --          ; eda_simulation      ;
; EDA_OUTPUT_DATA_FORMAT               ; Verilog Hdl                                               ; --            ; --          ; eda_simulation      ;
; EDA_SIMULATION_TOOL                  ; ModelSim-Altera (Verilog)                                 ; <None>        ; --          ; --                  ;
; EDA_TEST_BENCH_ENABLE_STATUS         ; TEST_BENCH_MODE                                           ; --            ; --          ; eda_simulation      ;
; EDA_TEST_BENCH_FILE                  ; Multiplicador_con_signo_modelsim.vhd                      ; --            ; --          ; Multiplicador_bench ;
; EDA_TEST_BENCH_MODULE_NAME           ; Multiplicador_con_signo_modelsim                          ; --            ; --          ; Multiplicador_bench ;
; EDA_TEST_BENCH_NAME                  ; Multiplicador_bench                                       ; --            ; --          ; eda_simulation      ;
; EDA_TIME_SCALE                       ; 1 ps                                                      ; --            ; --          ; eda_simulation      ;
; MAX_CORE_JUNCTION_TEMP               ; 85                                                        ; --            ; --          ; --                  ;
; MIN_CORE_JUNCTION_TEMP               ; 0                                                         ; --            ; --          ; --                  ;
; PARTITION_COLOR                      ; 16764057                                                  ; --            ; --          ; Top                 ;
; PARTITION_FITTER_PRESERVATION_LEVEL  ; PLACEMENT_AND_ROUTING                                     ; --            ; --          ; Top                 ;
; PARTITION_NETLIST_TYPE               ; SOURCE                                                    ; --            ; --          ; Top                 ;
; POWER_BOARD_THERMAL_MODEL            ; None (CONSERVATIVE)                                       ; --            ; --          ; --                  ;
; POWER_PRESET_COOLING_SOLUTION        ; 23 MM HEAT SINK WITH 200 LFPM AIRFLOW                     ; --            ; --          ; --                  ;
+--------------------------------------+-----------------------------------------------------------+---------------+-------------+---------------------+


+-------------------------------------------------------------------------------------------------------------------------------+
; Flow Elapsed Time                                                                                                             ;
+---------------------------+--------------+-------------------------+---------------------+------------------------------------+
; Module Name               ; Elapsed Time ; Average Processors Used ; Peak Virtual Memory ; Total CPU Time (on all processors) ;
+---------------------------+--------------+-------------------------+---------------------+------------------------------------+
; Analysis & Synthesis      ; 00:00:01     ; 1.0                     ; 4628 MB             ; 00:00:01                           ;
; Fitter                    ; 00:00:12     ; 1.0                     ; 5043 MB             ; 00:00:10                           ;
; Assembler                 ; 00:00:03     ; 1.0                     ; 4554 MB             ; 00:00:03                           ;
; TimeQuest Timing Analyzer ; 00:00:01     ; 1.0                     ; 4638 MB             ; 00:00:01                           ;
; EDA Netlist Writer        ; 00:00:01     ; 1.0                     ; 4502 MB             ; 00:00:00                           ;
; Total                     ; 00:00:18     ; --                      ; --                  ; 00:00:15                           ;
+---------------------------+--------------+-------------------------+---------------------+------------------------------------+


+----------------------------------------------------------------------------------------+
; Flow OS Summary                                                                        ;
+---------------------------+------------------+-----------+------------+----------------+
; Module Name               ; Machine Hostname ; OS Name   ; OS Version ; Processor type ;
+---------------------------+------------------+-----------+------------+----------------+
; Analysis & Synthesis      ; DESKTOP-QLQCISA  ; Windows 7 ; 6.2        ; x86_64         ;
; Fitter                    ; DESKTOP-QLQCISA  ; Windows 7 ; 6.2        ; x86_64         ;
; Assembler                 ; DESKTOP-QLQCISA  ; Windows 7 ; 6.2        ; x86_64         ;
; TimeQuest Timing Analyzer ; DESKTOP-QLQCISA  ; Windows 7 ; 6.2        ; x86_64         ;
; EDA Netlist Writer        ; DESKTOP-QLQCISA  ; Windows 7 ; 6.2        ; x86_64         ;
+---------------------------+------------------+-----------+------------+----------------+


------------
; Flow Log ;
------------
quartus_map --read_settings_files=on --write_settings_files=off Multiplicador_con_signo -c Multiplicador_con_signo
quartus_fit --read_settings_files=off --write_settings_files=off Multiplicador_con_signo -c Multiplicador_con_signo
quartus_asm --read_settings_files=off --write_settings_files=off Multiplicador_con_signo -c Multiplicador_con_signo
quartus_sta Multiplicador_con_signo -c Multiplicador_con_signo
quartus_eda --read_settings_files=off --write_settings_files=off Multiplicador_con_signo -c Multiplicador_con_signo



