Flow report for I2C_maquina_estado
Sat Nov 01 13:30:59 2025
Quartus II 64-Bit Version 13.0.1 Build 232 06/12/2013 Service Pack 1 SJ Web Edition


---------------------
; Table of Contents ;
---------------------
  1. Legal Notice
  2. Flow Summary
  3. Flow Settings
  4. Flow Non-Default Global Settings
  5. Flow Elapsed Time
  6. Flow OS Summary
  7. Flow Log
  8. Flow Messages
  9. Flow Suppressed Messages



----------------
; Legal Notice ;
----------------
Copyright (C) 1991-2013 Altera Corporation
Your use of Altera Corporation's design tools, logic functions 
and other software and tools, and its AMPP partner logic 
functions, and any output files from any of the foregoing 
(including device programming or simulation files), and any 
associated documentation or information are expressly subject 
to the terms and conditions of the Altera Program License 
Subscription Agreement, Altera MegaCore Function License 
Agreement, or other applicable license agreement, including, 
without limitation, that your use is for the sole purpose of 
programming logic devices manufactured by Altera and sold by 
Altera or its authorized distributors.  Please refer to the 
applicable agreement for further details.



+--------------------------------------------------------------------------------------+
; Flow Summary                                                                         ;
+------------------------------------+-------------------------------------------------+
; Flow Status                        ; Successful - Sat Nov 01 13:30:52 2025           ;
; Quartus II 64-Bit Version          ; 13.0.1 Build 232 06/12/2013 SP 1 SJ Web Edition ;
; Revision Name                      ; I2C_maquina_estado                              ;
; Top-level Entity Name              ; I2C                                             ;
; Family                             ; Cyclone III                                     ;
; Device                             ; EP3C120F780C7                                   ;
; Timing Models                      ; Final                                           ;
; Total logic elements               ; 42 / 119,088 ( < 1 % )                          ;
;     Total combinational functions  ; 23 / 119,088 ( < 1 % )                          ;
;     Dedicated logic registers      ; 33 / 119,088 ( < 1 % )                          ;
; Total registers                    ; 33                                              ;
; Total pins                         ; 22 / 532 ( 4 % )                                ;
; Total virtual pins                 ; 0                                               ;
; Total memory bits                  ; 0 / 3,981,312 ( 0 % )                           ;
; Embedded Multiplier 9-bit elements ; 0 / 576 ( 0 % )                                 ;
; Total PLLs                         ; 0 / 4 ( 0 % )                                   ;
+------------------------------------+-------------------------------------------------+


+-----------------------------------------+
; Flow Settings                           ;
+-------------------+---------------------+
; Option            ; Setting             ;
+-------------------+---------------------+
; Start date & time ; 11/01/2025 13:29:54 ;
; Main task         ; Compilation         ;
; Revision Name     ; I2C_maquina_estado  ;
+-------------------+---------------------+


+-----------------------------------------------------------------------------------------------------------------------------+
; Flow Non-Default Global Settings                                                                                            ;
+-------------------------------------+---------------------------------------+--------------------+-------------+------------+
; Assignment Name                     ; Value                                 ; Default Value      ; Entity Name ; Section Id ;
+-------------------------------------+---------------------------------------+--------------------+-------------+------------+
; COMPILER_SIGNATURE_ID               ; 8796756937765.176201459408216         ; --                 ; --          ; --         ;
; IP_TOOL_NAME                        ; LPM_COMPARE                           ; --                 ; --          ; --         ;
; IP_TOOL_NAME                        ; LPM_COUNTER                           ; --                 ; --          ; --         ;
; IP_TOOL_NAME                        ; LPM_COUNTER                           ; --                 ; --          ; --         ;
; IP_TOOL_NAME                        ; LPM_SHIFTREG                          ; --                 ; --          ; --         ;
; IP_TOOL_NAME                        ; LPM_SHIFTREG                          ; --                 ; --          ; --         ;
; IP_TOOL_VERSION                     ; 13.0                                  ; --                 ; --          ; --         ;
; IP_TOOL_VERSION                     ; 13.0                                  ; --                 ; --          ; --         ;
; IP_TOOL_VERSION                     ; 13.0                                  ; --                 ; --          ; --         ;
; IP_TOOL_VERSION                     ; 13.0                                  ; --                 ; --          ; --         ;
; IP_TOOL_VERSION                     ; 13.0                                  ; --                 ; --          ; --         ;
; MAX_CORE_JUNCTION_TEMP              ; 85                                    ; --                 ; --          ; --         ;
; MIN_CORE_JUNCTION_TEMP              ; 0                                     ; --                 ; --          ; --         ;
; MISC_FILE                           ; Comprardor.bsf                        ; --                 ; --          ; --         ;
; MISC_FILE                           ; Comprardor_inst.vhd                   ; --                 ; --          ; --         ;
; MISC_FILE                           ; Comprardor.cmp                        ; --                 ; --          ; --         ;
; MISC_FILE                           ; Comprardor_syn.v                      ; --                 ; --          ; --         ;
; MISC_FILE                           ; contador7.bsf                         ; --                 ; --          ; --         ;
; MISC_FILE                           ; contador7_inst.vhd                    ; --                 ; --          ; --         ;
; MISC_FILE                           ; contador7.cmp                         ; --                 ; --          ; --         ;
; MISC_FILE                           ; contador7_syn.v                       ; --                 ; --          ; --         ;
; MISC_FILE                           ; contador_8.bsf                        ; --                 ; --          ; --         ;
; MISC_FILE                           ; contador_8_inst.vhd                   ; --                 ; --          ; --         ;
; MISC_FILE                           ; contador_8.cmp                        ; --                 ; --          ; --         ;
; MISC_FILE                           ; registro7.bsf                         ; --                 ; --          ; --         ;
; MISC_FILE                           ; registro7_inst.vhd                    ; --                 ; --          ; --         ;
; MISC_FILE                           ; registro7.cmp                         ; --                 ; --          ; --         ;
; MISC_FILE                           ; registro7_syn.v                       ; --                 ; --          ; --         ;
; MISC_FILE                           ; registro8.bsf                         ; --                 ; --          ; --         ;
; MISC_FILE                           ; registro8_inst.vhd                    ; --                 ; --          ; --         ;
; MISC_FILE                           ; registro8.cmp                         ; --                 ; --          ; --         ;
; NOMINAL_CORE_SUPPLY_VOLTAGE         ; 1.2V                                  ; --                 ; --          ; --         ;
; PARTITION_COLOR                     ; 16764057                              ; --                 ; I2C         ; Top        ;
; PARTITION_FITTER_PRESERVATION_LEVEL ; PLACEMENT_AND_ROUTING                 ; --                 ; I2C         ; Top        ;
; PARTITION_NETLIST_TYPE              ; SOURCE                                ; --                 ; I2C         ; Top        ;
; POWER_BOARD_THERMAL_MODEL           ; None (CONSERVATIVE)                   ; --                 ; --          ; --         ;
; POWER_PRESET_COOLING_SOLUTION       ; 23 MM HEAT SINK WITH 200 LFPM AIRFLOW ; --                 ; --          ; --         ;
; PROJECT_OUTPUT_DIRECTORY            ; output_files                          ; --                 ; --          ; --         ;
; TOP_LEVEL_ENTITY                    ; I2C                                   ; I2C_maquina_estado ; --          ; --         ;
+-------------------------------------+---------------------------------------+--------------------+-------------+------------+


+-------------------------------------------------------------------------------------------------------------------------------+
; Flow Elapsed Time                                                                                                             ;
+---------------------------+--------------+-------------------------+---------------------+------------------------------------+
; Module Name               ; Elapsed Time ; Average Processors Used ; Peak Virtual Memory ; Total CPU Time (on all processors) ;
+---------------------------+--------------+-------------------------+---------------------+------------------------------------+
; Analysis & Synthesis      ; 00:00:07     ; 1.0                     ; 4630 MB             ; 00:00:04                           ;
; Fitter                    ; 00:00:37     ; 1.0                     ; 5043 MB             ; 00:00:35                           ;
; Assembler                 ; 00:00:09     ; 1.0                     ; 4550 MB             ; 00:00:09                           ;
; TimeQuest Timing Analyzer ; 00:00:06     ; 1.0                     ; 4641 MB             ; 00:00:05                           ;
; Total                     ; 00:00:59     ; --                      ; --                  ; 00:00:53                           ;
+---------------------------+--------------+-------------------------+---------------------+------------------------------------+


+----------------------------------------------------------------------------------------+
; Flow OS Summary                                                                        ;
+---------------------------+------------------+-----------+------------+----------------+
; Module Name               ; Machine Hostname ; OS Name   ; OS Version ; Processor type ;
+---------------------------+------------------+-----------+------------+----------------+
; Analysis & Synthesis      ; DESKTOP-QLQCISA  ; Windows 7 ; 6.2        ; x86_64         ;
; Fitter                    ; DESKTOP-QLQCISA  ; Windows 7 ; 6.2        ; x86_64         ;
; Assembler                 ; DESKTOP-QLQCISA  ; Windows 7 ; 6.2        ; x86_64         ;
; TimeQuest Timing Analyzer ; DESKTOP-QLQCISA  ; Windows 7 ; 6.2        ; x86_64         ;
+---------------------------+------------------+-----------+------------+----------------+


------------
; Flow Log ;
------------
quartus_map --read_settings_files=on --write_settings_files=off I2C_maquina_estado -c I2C_maquina_estado
quartus_fit --read_settings_files=off --write_settings_files=off I2C_maquina_estado -c I2C_maquina_estado
quartus_asm --read_settings_files=off --write_settings_files=off I2C_maquina_estado -c I2C_maquina_estado
quartus_sta I2C_maquina_estado -c I2C_maquina_estado



